<?xml version="1.0" encoding="UTF-8"?>
<!-- Generated by org.testng.reporters.JUnitXMLReporter -->
<testsuite hostname="Anand-PC" name="Default test" tests="4" failures="0" timestamp="26 Oct 2016 02:54:35 GMT" time="143.946" errors="0">
  <testcase name="favouriteAuthor" time="17.057" classname="in.amazon.testdrive.AmazonTestExecutor"/>
  <testcase name="lightningDeal" time="66.737" classname="in.amazon.testdrive.AmazonTestExecutor"/>
  <testcase name="leastPriceProduct" time="28.343" classname="in.amazon.testdrive.AmazonTestExecutor"/>
  <testcase name="checkCartItems" time="4.975" classname="in.amazon.testdrive.AmazonTestExecutor"/>
</testsuite> <!-- Default test -->
